<?xml version="1.0" encoding="UTF-8"?>
<!-- Generated by org.testng.reporters.JUnitXMLReporter -->
<testsuite ignored="0" hostname="LHR-ISKY-HAMRAZ" failures="0" tests="5" name="HelloFreshAPITest" time="6.95" errors="0" timestamp="11 Nov 2018 12:21:37 GMT">
  <testcase classname="com.hellofresh.challenge.RestApiTest" name="Test_DE" time="3.248"/>
  <testcase classname="com.hellofresh.challenge.RestApiTest" name="Test_GB" time="3.264"/>
  <testcase classname="com.hellofresh.challenge.RestApiTest" name="Test_InexistentCountry" time="0.994"/>
  <testcase classname="com.hellofresh.challenge.RestApiTest" name="Test_US" time="0.996"/>
  <testcase classname="com.hellofresh.challenge.RestApiTest" name="Test_getAllCountries" time="2.667"/>
</testsuite> <!-- HelloFreshAPITest -->
