<?xml version="1.0" encoding="UTF-8"?>
<!-- Generated by org.testng.reporters.JUnitXMLReporter -->
<testsuite ignored="0" hostname="LHR-ISKY-HAMRAZ" failures="0" tests="3" name="LeanFtTest" time="184.107" errors="0" timestamp="10 Nov 2018 16:18:00 GMT">
  <testcase classname="com.hellofresh.challenge.WebTest" name="checkoutTest" time="66.425"/>
  <testcase classname="com.hellofresh.challenge.WebTest" name="logInTest" time="8.519"/>
  <testcase classname="com.hellofresh.challenge.WebTest" name="signInTest" time="11.725"/>
</testsuite> <!-- LeanFtTest -->
